<?xml version="1.0" encoding="utf-8"?><testsuites name="pytest tests"><testsuite name="pytest" errors="0" failures="2" skipped="2" tests="26" time="1.819" timestamp="2026-01-09T08:58:15.283797+00:00" hostname="agent-env-066eca04-7c6e-4aa5-8970-b520fb5fef48"><testcase classname="tests.test_icms_phase3_5.TestDashboardKPIs" name="test_kpi_summary" time="0.355" /><testcase classname="tests.test_icms_phase3_5.TestDashboardKPIs" name="test_demurrage_clock" time="0.039" /><testcase classname="tests.test_icms_phase3_5.TestDashboardKPIs" name="test_landed_cost" time="0.082" /><testcase classname="tests.test_icms_phase3_5.TestDashboardKPIs" name="test_landed_cost_invalid_order" time="0.039" /><testcase classname="tests.test_icms_phase3_5.TestERPExport" name="test_erp_export" time="0.046" /><testcase classname="tests.test_icms_phase3_5.TestERPExport" name="test_erp_export_invalid_order" time="0.037" /><testcase classname="tests.test_icms_phase3_5.TestFXRates" name="test_get_fx_rates" time="0.041" /><testcase classname="tests.test_icms_phase3_5.TestFXRates" name="test_refresh_fx_rates" time="0.260" /><testcase classname="tests.test_icms_phase3_5.TestPayments" name="test_list_payments" time="0.036" /><testcase classname="tests.test_icms_phase3_5.TestPayments" name="test_create_payment_usd" time="0.038" /><testcase classname="tests.test_icms_phase3_5.TestPayments" name="test_create_payment_eur" time="0.039" /><testcase classname="tests.test_icms_phase3_5.TestPayments" name="test_create_payment_cny" time="0.041" /><testcase classname="tests.test_icms_phase3_5.TestPayments" name="test_get_payments_by_order" time="0.041" /><testcase classname="tests.test_icms_phase3_5.TestPayments" name="test_delete_payment" time="0.080" /><testcase classname="tests.test_icms_phase3_5.TestDocuments" name="test_list_documents" time="0.038" /><testcase classname="tests.test_icms_phase3_5.TestDocuments" name="test_list_documents_by_order" time="0.037" /><testcase classname="tests.test_icms_phase3_5.TestDocuments" name="test_upload_document" time="0.036"><failure message="AssertionError: Upload failed: {&quot;detail&quot;:&quot;Import order not found&quot;}&#10;assert 404 == 200&#10; +  where 404 = &lt;Response [404]&gt;.status_code">tests/test_icms_phase3_5.py:414: in test_upload_document
    assert response.status_code == 200, f"Upload failed: {response.text}"
E   AssertionError: Upload failed: {"detail":"Import order not found"}
E   assert 404 == 200
E    +  where 404 = &lt;Response [404]&gt;.status_code</failure></testcase><testcase classname="tests.test_icms_phase3_5.TestDocuments" name="test_upload_document_bill_of_lading" time="0.037"><failure message="AssertionError: Upload failed: {&quot;detail&quot;:&quot;Import order not found&quot;}&#10;assert 404 == 200&#10; +  where 404 = &lt;Response [404]&gt;.status_code">tests/test_icms_phase3_5.py:451: in test_upload_document_bill_of_lading
    assert response.status_code == 200, f"Upload failed: {response.text}"
E   AssertionError: Upload failed: {"detail":"Import order not found"}
E   assert 404 == 200
E    +  where 404 = &lt;Response [404]&gt;.status_code</failure></testcase><testcase classname="tests.test_icms_phase3_5.TestDocuments" name="test_get_document" time="0.057"><skipped type="pytest.skip" message="Could not upload document for GET test">/app/tests/test_icms_phase3_5.py:477: Could not upload document for GET test</skipped></testcase><testcase classname="tests.test_icms_phase3_5.TestDocuments" name="test_delete_document" time="0.078"><skipped type="pytest.skip" message="Could not upload document for DELETE test">/app/tests/test_icms_phase3_5.py:512: Could not upload document for DELETE test</skipped></testcase><testcase classname="tests.test_icms_phase3_5.TestActualLoading" name="test_list_actual_loadings" time="0.040" /><testcase classname="tests.test_icms_phase3_5.TestDashboardStats" name="test_dashboard_stats" time="0.040" /><testcase classname="tests.test_icms_phase3_5.TestDashboardStats" name="test_financial_overview" time="0.039" /><testcase classname="tests.test_icms_phase3_5.TestDashboardStats" name="test_logistics_overview" time="0.039" /><testcase classname="tests.test_icms_phase3_5.TestDashboardStats" name="test_variance_analysis" time="0.039" /><testcase classname="tests.test_icms_phase3_5.TestDashboardStats" name="test_cash_flow_forecast" time="0.033" /></testsuite></testsuites>