<?xml version="1.0" encoding="utf-8"?><testsuites name="pytest tests"><testsuite name="pytest" errors="0" failures="0" skipped="0" tests="18" time="1.192" timestamp="2026-01-09T09:47:13.327619+00:00" hostname="agent-env-066eca04-7c6e-4aa5-8970-b520fb5fef48"><testcase classname="tests.test_icms_new_features.TestSupplierWiseSummary" name="test_get_supplier_wise_summary" time="0.321" /><testcase classname="tests.test_icms_new_features.TestSupplierWiseSummary" name="test_supplier_summary_data_structure" time="0.042" /><testcase classname="tests.test_icms_new_features.TestSupplierWiseSummary" name="test_export_supplier_summary_excel" time="0.055" /><testcase classname="tests.test_icms_new_features.TestAdvancedAnalytics" name="test_get_analytics" time="0.038" /><testcase classname="tests.test_icms_new_features.TestAdvancedAnalytics" name="test_analytics_order_metrics" time="0.039" /><testcase classname="tests.test_icms_new_features.TestAdvancedAnalytics" name="test_analytics_utilization_ranges" time="0.044" /><testcase classname="tests.test_icms_new_features.TestImportOrdersExcelExport" name="test_export_orders_excel" time="0.051" /><testcase classname="tests.test_icms_new_features.TestImportOrdersExcelExport" name="test_download_po_import_template" time="0.051" /><testcase classname="tests.test_icms_new_features.TestImportOrdersExcelImport" name="test_import_orders_requires_file" time="0.043" /><testcase classname="tests.test_icms_new_features.TestImportOrdersExcelImport" name="test_import_orders_rejects_non_excel" time="0.038" /><testcase classname="tests.test_icms_new_features.TestPDFExport" name="test_pdf_export_requires_valid_order" time="0.036" /><testcase classname="tests.test_icms_new_features.TestPDFExport" name="test_pdf_export_for_existing_order" time="0.080" /><testcase classname="tests.test_icms_new_features.TestMasterDataExcelExport" name="test_export_skus_excel" time="0.045" /><testcase classname="tests.test_icms_new_features.TestMasterDataExcelExport" name="test_export_suppliers_excel" time="0.045" /><testcase classname="tests.test_icms_new_features.TestMasterDataExcelExport" name="test_download_sku_template" time="0.050" /><testcase classname="tests.test_icms_new_features.TestMasterDataExcelExport" name="test_export_invalid_master_type" time="0.037" /><testcase classname="tests.test_icms_new_features.TestSupplierOrders" name="test_get_supplier_orders" time="0.079" /><testcase classname="tests.test_icms_new_features.TestSupplierOrders" name="test_get_supplier_orders_invalid_id" time="0.039" /></testsuite></testsuites>