<?xml version="1.0" encoding="utf-8"?><testsuites name="pytest tests"><testsuite name="pytest" errors="0" failures="1" skipped="0" tests="26" time="2.723" timestamp="2026-01-09T08:44:35.866334+00:00" hostname="agent-env-066eca04-7c6e-4aa5-8970-b520fb5fef48"><testcase classname="tests.test_icms_backend.TestHealthAndAuth" name="test_health_check" time="0.078" /><testcase classname="tests.test_icms_backend.TestHealthAndAuth" name="test_api_root" time="0.037" /><testcase classname="tests.test_icms_backend.TestHealthAndAuth" name="test_login_success" time="0.273" /><testcase classname="tests.test_icms_backend.TestHealthAndAuth" name="test_login_invalid_credentials" time="0.039" /><testcase classname="tests.test_icms_backend.TestDashboard" name="test_dashboard_stats" time="0.304" /><testcase classname="tests.test_icms_backend.TestDashboard" name="test_financial_overview" time="0.042" /><testcase classname="tests.test_icms_backend.TestDashboard" name="test_logistics_overview" time="0.045" /><testcase classname="tests.test_icms_backend.TestSKUs" name="test_list_skus" time="0.035" /><testcase classname="tests.test_icms_backend.TestSKUs" name="test_create_sku" time="0.040" /><testcase classname="tests.test_icms_backend.TestSKUs" name="test_create_and_get_sku" time="0.119" /><testcase classname="tests.test_icms_backend.TestSKUs" name="test_update_sku" time="0.149" /><testcase classname="tests.test_icms_backend.TestSKUs" name="test_delete_sku" time="0.116" /><testcase classname="tests.test_icms_backend.TestSuppliers" name="test_list_suppliers" time="0.037" /><testcase classname="tests.test_icms_backend.TestSuppliers" name="test_create_supplier" time="0.083" /><testcase classname="tests.test_icms_backend.TestSuppliers" name="test_create_and_update_supplier" time="0.151" /><testcase classname="tests.test_icms_backend.TestSuppliers" name="test_delete_supplier" time="0.110" /><testcase classname="tests.test_icms_backend.TestPorts" name="test_list_ports" time="0.043" /><testcase classname="tests.test_icms_backend.TestPorts" name="test_create_port" time="0.073" /><testcase classname="tests.test_icms_backend.TestPorts" name="test_update_port" time="0.113" /><testcase classname="tests.test_icms_backend.TestPorts" name="test_delete_port" time="0.109" /><testcase classname="tests.test_icms_backend.TestContainers" name="test_list_containers" time="0.037" /><testcase classname="tests.test_icms_backend.TestContainers" name="test_create_container" time="0.104" /><testcase classname="tests.test_icms_backend.TestContainers" name="test_update_container" time="0.107" /><testcase classname="tests.test_icms_backend.TestImportOrders" name="test_list_import_orders" time="0.037" /><testcase classname="tests.test_icms_backend.TestImportOrders" name="test_create_import_order" time="0.189" /><testcase classname="tests.test_icms_backend.TestImportOrders" name="test_get_import_order" time="0.075"><failure message="assert 520 == 200&#10; +  where 520 = &lt;Response [520]&gt;.status_code">tests/test_icms_backend.py:556: in test_get_import_order
    assert response.status_code == 200
E   assert 520 == 200
E    +  where 520 = &lt;Response [520]&gt;.status_code</failure></testcase></testsuite></testsuites>