<?xml version="1.0" encoding="utf-8"?><testsuites name="pytest tests"><testsuite name="pytest" errors="0" failures="0" skipped="0" tests="9" time="2.689" timestamp="2026-01-13T13:26:57.350253+00:00" hostname="agent-env-b596d1c9-2d70-4f59-aa25-3c2e30358257"><testcase classname="tests.test_kanban_features.TestKanbanFeatures" name="test_get_import_orders_for_kanban" time="0.299" /><testcase classname="tests.test_kanban_features.TestKanbanFeatures" name="test_update_order_status" time="0.334" /><testcase classname="tests.test_kanban_features.TestKanbanFeatures" name="test_container_tracking_report" time="0.277" /><testcase classname="tests.test_kanban_features.TestKanbanFeatures" name="test_container_wise_report" time="0.276" /><testcase classname="tests.test_kanban_features.TestKanbanFeatures" name="test_supplier_summary_report" time="0.317" /><testcase classname="tests.test_kanban_features.TestPreviousFeatures" name="test_payments_list" time="0.276" /><testcase classname="tests.test_kanban_features.TestPreviousFeatures" name="test_actual_loadings_list" time="0.280" /><testcase classname="tests.test_kanban_features.TestPreviousFeatures" name="test_documents_list" time="0.277" /><testcase classname="tests.test_kanban_features.TestPreviousFeatures" name="test_financial_overview" time="0.288" /></testsuite></testsuites>