<?xml version="1.0" encoding="utf-8"?><testsuites name="pytest tests"><testsuite name="pytest" errors="0" failures="0" skipped="0" tests="26" time="1.896" timestamp="2026-01-09T09:00:39.288355+00:00" hostname="agent-env-066eca04-7c6e-4aa5-8970-b520fb5fef48"><testcase classname="tests.test_icms_phase3_5.TestDashboardKPIs" name="test_kpi_summary" time="0.354" /><testcase classname="tests.test_icms_phase3_5.TestDashboardKPIs" name="test_demurrage_clock" time="0.036" /><testcase classname="tests.test_icms_phase3_5.TestDashboardKPIs" name="test_landed_cost" time="0.099" /><testcase classname="tests.test_icms_phase3_5.TestDashboardKPIs" name="test_landed_cost_invalid_order" time="0.040" /><testcase classname="tests.test_icms_phase3_5.TestERPExport" name="test_erp_export" time="0.044" /><testcase classname="tests.test_icms_phase3_5.TestERPExport" name="test_erp_export_invalid_order" time="0.040" /><testcase classname="tests.test_icms_phase3_5.TestFXRates" name="test_get_fx_rates" time="0.042" /><testcase classname="tests.test_icms_phase3_5.TestFXRates" name="test_refresh_fx_rates" time="0.257" /><testcase classname="tests.test_icms_phase3_5.TestPayments" name="test_list_payments" time="0.039" /><testcase classname="tests.test_icms_phase3_5.TestPayments" name="test_create_payment_usd" time="0.039" /><testcase classname="tests.test_icms_phase3_5.TestPayments" name="test_create_payment_eur" time="0.037" /><testcase classname="tests.test_icms_phase3_5.TestPayments" name="test_create_payment_cny" time="0.041" /><testcase classname="tests.test_icms_phase3_5.TestPayments" name="test_get_payments_by_order" time="0.036" /><testcase classname="tests.test_icms_phase3_5.TestPayments" name="test_delete_payment" time="0.078" /><testcase classname="tests.test_icms_phase3_5.TestDocuments" name="test_list_documents" time="0.050" /><testcase classname="tests.test_icms_phase3_5.TestDocuments" name="test_list_documents_by_order" time="0.040" /><testcase classname="tests.test_icms_phase3_5.TestDocuments" name="test_upload_document" time="0.042" /><testcase classname="tests.test_icms_phase3_5.TestDocuments" name="test_upload_document_bill_of_lading" time="0.048" /><testcase classname="tests.test_icms_phase3_5.TestDocuments" name="test_get_document" time="0.073" /><testcase classname="tests.test_icms_phase3_5.TestDocuments" name="test_delete_document" time="0.117" /><testcase classname="tests.test_icms_phase3_5.TestActualLoading" name="test_list_actual_loadings" time="0.041" /><testcase classname="tests.test_icms_phase3_5.TestDashboardStats" name="test_dashboard_stats" time="0.044" /><testcase classname="tests.test_icms_phase3_5.TestDashboardStats" name="test_financial_overview" time="0.035" /><testcase classname="tests.test_icms_phase3_5.TestDashboardStats" name="test_logistics_overview" time="0.040" /><testcase classname="tests.test_icms_phase3_5.TestDashboardStats" name="test_variance_analysis" time="0.035" /><testcase classname="tests.test_icms_phase3_5.TestDashboardStats" name="test_cash_flow_forecast" time="0.044" /></testsuite></testsuites>