<?xml version="1.0" encoding="utf-8"?><testsuites name="pytest tests"><testsuite name="pytest" errors="0" failures="9" skipped="3" tests="27" time="1.810" timestamp="2026-01-09T08:56:34.328891+00:00" hostname="agent-env-066eca04-7c6e-4aa5-8970-b520fb5fef48"><testcase classname="tests.test_icms_phase3_5.TestDashboardKPIs" name="test_kpi_summary" time="0.350"><failure message="AssertionError: assert 'total_orders' in {'container': {'avg_utilization': 53.6}, 'financial': {'fx_exposure': {'USD': {'order_count': 3, 'total_value': 6100.0}}, 'total_payables': -1500.0, 'total_payments': 134985.0, 'variance_impact': 0}, 'orders': {'by_status': {'Draft': 3}, 'pipeline_value': 6100.0, 'total': 3}, 'suppliers': {'total': 2, 'with_balance': 0}}">tests/test_icms_phase3_5.py:100: in test_kpi_summary
    assert "total_orders" in data
E   AssertionError: assert 'total_orders' in {'container': {'avg_utilization': 53.6}, 'financial': {'fx_exposure': {'USD': {'order_count': 3, 'total_value': 6100.0}}, 'total_payables': -1500.0, 'total_payments': 134985.0, 'variance_impact': 0}, 'orders': {'by_status': {'Draft': 3}, 'pipeline_value': 6100.0, 'total': 3}, 'suppliers': {'total': 2, 'with_balance': 0}}</failure></testcase><testcase classname="tests.test_icms_phase3_5.TestDashboardKPIs" name="test_demurrage_clock" time="0.039"><failure message="AssertionError: assert 'orders_at_risk' in {'items': [], 'orders_with_demurrage': 0, 'total_demurrage': 0}">tests/test_icms_phase3_5.py:120: in test_demurrage_clock
    assert "orders_at_risk" in data
E   AssertionError: assert 'orders_at_risk' in {'items': [], 'orders_with_demurrage': 0, 'total_demurrage': 0}</failure></testcase><testcase classname="tests.test_icms_phase3_5.TestDashboardKPIs" name="test_landed_cost" time="0.076"><failure message="AssertionError: assert 'cost_breakdown' in {'cost_summary': {'cif_value': 2550.0, 'duty_amount': 255.0, 'duty_rate': 0.1, 'freight': 0, ...}, 'items_breakdown': [{'duty_allocated': 255.0, 'freight_allocated': 0.0, 'goods_value': 2550.0, 'other_allocated': 0.0, ...}], 'order_id': 'd3d57bec-e574-454a-9a1a-8324fa44452c', 'po_number': 'PO-2024-001'}">tests/test_icms_phase3_5.py:140: in test_landed_cost
    assert "cost_breakdown" in data
E   AssertionError: assert 'cost_breakdown' in {'cost_summary': {'cif_value': 2550.0, 'duty_amount': 255.0, 'duty_rate': 0.1, 'freight': 0, ...}, 'items_breakdown': [{'duty_allocated': 255.0, 'freight_allocated': 0.0, 'goods_value': 2550.0, 'other_allocated': 0.0, ...}], 'order_id': 'd3d57bec-e574-454a-9a1a-8324fa44452c', 'po_number': 'PO-2024-001'}</failure></testcase><testcase classname="tests.test_icms_phase3_5.TestDashboardKPIs" name="test_landed_cost_invalid_order" time="0.038" /><testcase classname="tests.test_icms_phase3_5.TestERPExport" name="test_erp_export" time="0.084"><failure message="AssertionError: assert 'export_timestamp' in {'compliance': {'documents': []}, 'export_date': '2026-01-09T08:56:34.997884+00:00', 'export_type': 'ICMS_ERP_EXPORT', 'export_version': '1.0', ...}">tests/test_icms_phase3_5.py:170: in test_erp_export
    assert "export_timestamp" in data
E   AssertionError: assert 'export_timestamp' in {'compliance': {'documents': []}, 'export_date': '2026-01-09T08:56:34.997884+00:00', 'export_type': 'ICMS_ERP_EXPORT', 'export_version': '1.0', ...}</failure></testcase><testcase classname="tests.test_icms_phase3_5.TestERPExport" name="test_erp_export_invalid_order" time="0.040" /><testcase classname="tests.test_icms_phase3_5.TestFXRates" name="test_get_fx_rates" time="0.037" /><testcase classname="tests.test_icms_phase3_5.TestFXRates" name="test_refresh_fx_rates" time="0.214" /><testcase classname="tests.test_icms_phase3_5.TestPayments" name="test_list_payments" time="0.039" /><testcase classname="tests.test_icms_phase3_5.TestPayments" name="test_create_payment" time="0.038"><failure message="assert 520 == 200&#10; +  where 520 = &lt;Response [520]&gt;.status_code">tests/test_icms_phase3_5.py:249: in test_create_payment
    assert order_response.status_code == 200
E   assert 520 == 200
E    +  where 520 = &lt;Response [520]&gt;.status_code</failure></testcase><testcase classname="tests.test_icms_phase3_5.TestPayments" name="test_create_payment_eur" time="0.040" /><testcase classname="tests.test_icms_phase3_5.TestPayments" name="test_create_payment_cny" time="0.039" /><testcase classname="tests.test_icms_phase3_5.TestPayments" name="test_get_payment" time="0.077"><failure message="assert 405 == 200&#10; +  where 405 = &lt;Response [405]&gt;.status_code">tests/test_icms_phase3_5.py:335: in test_get_payment
    assert response.status_code == 200
E   assert 405 == 200
E    +  where 405 = &lt;Response [405]&gt;.status_code</failure></testcase><testcase classname="tests.test_icms_phase3_5.TestPayments" name="test_get_payment_invalid_id" time="0.034"><failure message="assert 405 == 404&#10; +  where 405 = &lt;Response [405]&gt;.status_code">tests/test_icms_phase3_5.py:348: in test_get_payment_invalid_id
    assert response.status_code == 404
E   assert 405 == 404
E    +  where 405 = &lt;Response [405]&gt;.status_code</failure></testcase><testcase classname="tests.test_icms_phase3_5.TestDocuments" name="test_list_documents" time="0.036" /><testcase classname="tests.test_icms_phase3_5.TestDocuments" name="test_list_documents_by_order" time="0.035" /><testcase classname="tests.test_icms_phase3_5.TestDocuments" name="test_upload_document" time="0.038"><failure message="assert 404 == 200&#10; +  where 404 = &lt;Response [404]&gt;.status_code">tests/test_icms_phase3_5.py:396: in test_upload_document
    assert response.status_code == 200
E   assert 404 == 200
E    +  where 404 = &lt;Response [404]&gt;.status_code</failure></testcase><testcase classname="tests.test_icms_phase3_5.TestDocuments" name="test_upload_document_bill_of_lading" time="0.036"><failure message="assert 404 == 200&#10; +  where 404 = &lt;Response [404]&gt;.status_code">tests/test_icms_phase3_5.py:433: in test_upload_document_bill_of_lading
    assert response.status_code == 200
E   assert 404 == 200
E    +  where 404 = &lt;Response [404]&gt;.status_code</failure></testcase><testcase classname="tests.test_icms_phase3_5.TestDocuments" name="test_get_document" time="0.040"><skipped type="pytest.skip" message="Could not upload document for GET test">/app/tests/test_icms_phase3_5.py:459: Could not upload document for GET test</skipped></testcase><testcase classname="tests.test_icms_phase3_5.TestDocuments" name="test_delete_document" time="0.036"><skipped type="pytest.skip" message="Could not upload document for DELETE test">/app/tests/test_icms_phase3_5.py:494: Could not upload document for DELETE test</skipped></testcase><testcase classname="tests.test_icms_phase3_5.TestActualLoading" name="test_list_actual_loadings" time="0.034" /><testcase classname="tests.test_icms_phase3_5.TestActualLoading" name="test_create_actual_loading" time="0.039"><skipped type="pytest.skip" message="No confirmed orders available for actual loading test">/app/tests/test_icms_phase3_5.py:534: No confirmed orders available for actual loading test</skipped></testcase><testcase classname="tests.test_icms_phase3_5.TestDashboardStats" name="test_dashboard_stats" time="0.045" /><testcase classname="tests.test_icms_phase3_5.TestDashboardStats" name="test_financial_overview" time="0.038" /><testcase classname="tests.test_icms_phase3_5.TestDashboardStats" name="test_logistics_overview" time="0.038" /><testcase classname="tests.test_icms_phase3_5.TestDashboardStats" name="test_variance_analysis" time="0.038" /><testcase classname="tests.test_icms_phase3_5.TestDashboardStats" name="test_cash_flow_forecast" time="0.032" /></testsuite></testsuites>