<?xml version="1.0" encoding="utf-8"?><testsuites name="pytest tests"><testsuite name="pytest" errors="0" failures="0" skipped="0" tests="8" time="2.710" timestamp="2026-01-10T13:02:18.535558+00:00" hostname="agent-env-40913792-c4c6-4ce0-a184-547d99b81e36"><testcase classname="tests.test_reports_features.TestReportsFeatures" name="test_supplier_wise_summary" time="0.328" /><testcase classname="tests.test_reports_features.TestReportsFeatures" name="test_container_wise_report" time="0.294" /><testcase classname="tests.test_reports_features.TestReportsFeatures" name="test_supplier_ledger" time="0.336" /><testcase classname="tests.test_reports_features.TestReportsFeatures" name="test_payments_summary" time="0.299" /><testcase classname="tests.test_reports_features.TestReportsFeatures" name="test_payment_notifications" time="0.301" /><testcase classname="tests.test_reports_features.TestSupplierPaymentTerms" name="test_supplier_has_payment_terms" time="0.292" /><testcase classname="tests.test_reports_features.TestSupplierPaymentTerms" name="test_create_supplier_with_payment_terms" time="0.330" /><testcase classname="tests.test_reports_features.TestSupplierPaymentTerms" name="test_update_supplier_payment_terms" time="0.372" /></testsuite></testsuites>