<?xml version="1.0" encoding="utf-8"?><testsuites name="pytest tests"><testsuite name="pytest" errors="0" failures="1" skipped="0" tests="9" time="2.638" timestamp="2026-01-13T13:26:37.724721+00:00" hostname="agent-env-b596d1c9-2d70-4f59-aa25-3c2e30358257"><testcase classname="tests.test_kanban_features.TestKanbanFeatures" name="test_get_import_orders_for_kanban" time="0.295" /><testcase classname="tests.test_kanban_features.TestKanbanFeatures" name="test_update_order_status" time="0.293" /><testcase classname="tests.test_kanban_features.TestKanbanFeatures" name="test_container_tracking_report" time="0.276" /><testcase classname="tests.test_kanban_features.TestKanbanFeatures" name="test_container_wise_report" time="0.319" /><testcase classname="tests.test_kanban_features.TestKanbanFeatures" name="test_supplier_summary_report" time="0.276" /><testcase classname="tests.test_kanban_features.TestPreviousFeatures" name="test_payments_list" time="0.271" /><testcase classname="tests.test_kanban_features.TestPreviousFeatures" name="test_actual_loadings_list" time="0.274" /><testcase classname="tests.test_kanban_features.TestPreviousFeatures" name="test_documents_list" time="0.273" /><testcase classname="tests.test_kanban_features.TestPreviousFeatures" name="test_financial_overview" time="0.280"><failure message="AssertionError: assert 'total_order_value' in {'fx_exposure': {'USD': {'orders': 5, 'value': 37340.0}}, 'fx_rates': {'null': None}, 'payment_summary': {'balance_due': -2725145.6434405735, 'payment_count': 11, 'total_order_value': 37340.0, 'total_paid': 2762485.6434405735}, 'supplier_balances': [{'balance': -2725145.6434405735, 'currency': 'USD', 'supplier_id': '7a6de8e3-558a-4c5c-a052-ed57631f75e0', 'supplier_name': 'Shanghai Plastic Co.', ...}, {'balance': 0, 'currency': 'USD', 'supplier_id': 'dd6652af-b964-4f09-94e9-906a9a2e31e9', 'supplier_name': 'Test Supplier Inc.', ...}], ...}">tests/test_kanban_features.py:180: in test_financial_overview
    assert "total_order_value" in data
E   AssertionError: assert 'total_order_value' in {'fx_exposure': {'USD': {'orders': 5, 'value': 37340.0}}, 'fx_rates': {'null': None}, 'payment_summary': {'balance_due': -2725145.6434405735, 'payment_count': 11, 'total_order_value': 37340.0, 'total_paid': 2762485.6434405735}, 'supplier_balances': [{'balance': -2725145.6434405735, 'currency': 'USD', 'supplier_id': '7a6de8e3-558a-4c5c-a052-ed57631f75e0', 'supplier_name': 'Shanghai Plastic Co.', ...}, {'balance': 0, 'currency': 'USD', 'supplier_id': 'dd6652af-b964-4f09-94e9-906a9a2e31e9', 'supplier_name': 'Test Supplier Inc.', ...}], ...}</failure></testcase></testsuite></testsuites>