<?xml version="1.0" encoding="utf-8"?><testsuites name="pytest tests"><testsuite name="pytest" errors="0" failures="0" skipped="0" tests="23" time="1.410" timestamp="2026-01-13T12:25:37.457855+00:00" hostname="agent-env-b596d1c9-2d70-4f59-aa25-3c2e30358257"><testcase classname="tests.test_new_crud_features.TestPaymentsCRUD" name="test_create_payment_for_testing" time="0.407" /><testcase classname="tests.test_new_crud_features.TestPaymentsCRUD" name="test_get_payments_list" time="0.014" /><testcase classname="tests.test_new_crud_features.TestPaymentsCRUD" name="test_update_payment_amount" time="0.054" /><testcase classname="tests.test_new_crud_features.TestPaymentsCRUD" name="test_update_payment_currency" time="0.011" /><testcase classname="tests.test_new_crud_features.TestPaymentsCRUD" name="test_update_payment_not_found" time="0.010" /><testcase classname="tests.test_new_crud_features.TestPaymentsCRUD" name="test_delete_payment" time="0.063" /><testcase classname="tests.test_new_crud_features.TestPaymentsCRUD" name="test_delete_payment_not_found" time="0.052" /><testcase classname="tests.test_new_crud_features.TestActualLoadingsCRUD" name="test_get_actual_loadings_list" time="0.013" /><testcase classname="tests.test_new_crud_features.TestActualLoadingsCRUD" name="test_create_actual_loading_for_testing" time="0.075" /><testcase classname="tests.test_new_crud_features.TestActualLoadingsCRUD" name="test_update_actual_loading" time="0.062" /><testcase classname="tests.test_new_crud_features.TestActualLoadingsCRUD" name="test_update_actual_loading_not_found" time="0.011" /><testcase classname="tests.test_new_crud_features.TestActualLoadingsCRUD" name="test_delete_actual_loading" time="0.052" /><testcase classname="tests.test_new_crud_features.TestActualLoadingsCRUD" name="test_delete_actual_loading_not_found" time="0.010" /><testcase classname="tests.test_new_crud_features.TestDocumentBatchUpload" name="test_batch_upload_documents" time="0.050" /><testcase classname="tests.test_new_crud_features.TestDocumentBatchUpload" name="test_batch_upload_with_invalid_order" time="0.040" /><testcase classname="tests.test_new_crud_features.TestDocumentStatus" name="test_get_document_status" time="0.010" /><testcase classname="tests.test_new_crud_features.TestDocumentStatus" name="test_get_document_status_not_found" time="0.049" /><testcase classname="tests.test_new_crud_features.TestDocumentEdit" name="test_update_document" time="0.047" /><testcase classname="tests.test_new_crud_features.TestDocumentEdit" name="test_update_document_not_found" time="0.041" /><testcase classname="tests.test_new_crud_features.TestDocumentEdit" name="test_update_document_invalid_type" time="0.078" /><testcase classname="tests.test_new_crud_features.TestFinancialDashboardData" name="test_financial_overview_no_nan" time="0.011" /><testcase classname="tests.test_new_crud_features.TestFinancialDashboardData" name="test_payments_no_nan_values" time="0.009" /><testcase classname="tests.test_new_crud_features.TestCleanup" name="test_cleanup_test_documents" time="0.025" /></testsuite></testsuites>